-------------------------------------------------------------------------------
Test set: com.edumanage.backend.service.UserServiceTest
-------------------------------------------------------------------------------
Tests run: 2, Failures: 0, Errors: 2, Skipped: 0, Time elapsed: 0.137 s <<< FAILURE! -- in com.edumanage.backend.service.UserServiceTest
com.edumanage.backend.service.UserServiceTest.testRegisterUser_Success -- Time elapsed: 0.030 s <<< ERROR!
java.lang.Error: 
Unresolved compilation problems: 
	The method registerUser(User, Role) is undefined for the type UserService
	The method registerUser(User, Role) is undefined for the type UserService

	at com.edumanage.backend.service.UserServiceTest.<init>(UserServiceTest.java:47)
	at java.base/java.lang.reflect.Constructor.newInstanceWithCaller(Constructor.java:502)
	at java.base/java.lang.reflect.Constructor.newInstance(Constructor.java:486)
	at java.base/java.util.Optional.orElseGet(Optional.java:364)
	at java.base/java.util.ArrayList.forEach(ArrayList.java:1596)
	at java.base/java.util.ArrayList.forEach(ArrayList.java:1596)

com.edumanage.backend.service.UserServiceTest.testRegisterUser_EmailAlreadyExists -- Time elapsed: 0.002 s <<< ERROR!
java.lang.Error: 
Unresolved compilation problems: 
	The method registerUser(User, Role) is undefined for the type UserService
	The method registerUser(User, Role) is undefined for the type UserService

	at com.edumanage.backend.service.UserServiceTest.<init>(UserServiceTest.java:47)
	at java.base/java.lang.reflect.Constructor.newInstanceWithCaller(Constructor.java:502)
	at java.base/java.lang.reflect.Constructor.newInstance(Constructor.java:486)
	at java.base/java.util.Optional.orElseGet(Optional.java:364)
	at java.base/java.util.ArrayList.forEach(ArrayList.java:1596)
	at java.base/java.util.ArrayList.forEach(ArrayList.java:1596)

